# JRE version: Java(TM) SE Runtime Environment (8.0_201-b09) (build 1.8.0_201-b09)
# Java VM: Java HotSpot(TM) 64-Bit Server VM (25.201-b09 mixed mode windows-amd64 compressed oops)
Heap:
 PSYoungGen      total 18944K, used 7901K [0x00000000eaf80000, 0x00000000ec480000, 0x0000000100000000)
  eden space 16384K, 36% used [0x00000000eaf80000,0x00000000eb544780,0x00000000ebf80000)
  from space 2560K, 77% used [0x00000000ec200000,0x00000000ec3f2d50,0x00000000ec480000)
  to   space 2560K, 0% used [0x00000000ebf80000,0x00000000ebf80000,0x00000000ec200000)
 ParOldGen       total 17920K, used 1478K [0x00000000c0e00000, 0x00000000c1f80000, 0x00000000eaf80000)
  object space 17920K, 8% used [0x00000000c0e00000,0x00000000c0f71b48,0x00000000c1f80000)
 Metaspace       used 9080K, capacity 9395K, committed 9472K, reserved 1060864K
  class space    used 1147K, capacity 1250K, committed 1280K, reserved 1048576K
GC Heap History (6 events):
Event: 8.148 GC heap before
{Heap before GC invocations=1 (full 0):
 PSYoungGen      total 18944K, used 10945K [0x00000000eaf80000, 0x00000000ec480000, 0x0000000100000000)
  eden space 16384K, 66% used [0x00000000eaf80000,0x00000000eba305d8,0x00000000ebf80000)
  from space 2560K, 0% used [0x00000000ec200000,0x00000000ec200000,0x00000000ec480000)
  to   space 2560K, 0% used [0x00000000ebf80000,0x00000000ebf80000,0x00000000ec200000)
 ParOldGen       total 44032K, used 0K [0x00000000c0e00000, 0x00000000c3900000, 0x00000000eaf80000)
  object space 44032K, 0% used [0x00000000c0e00000,0x00000000c0e00000,0x00000000c3900000)
 Metaspace       used 5721K, capacity 5847K, committed 5888K, reserved 1060864K
  class space    used 675K, capacity 762K, committed 768K, reserved 1048576K
Event: 8.153 GC heap after
Heap after GC invocations=1 (full 0):
 PSYoungGen      total 18944K, used 1571K [0x00000000eaf80000, 0x00000000ec480000, 0x0000000100000000)
  eden space 16384K, 0% used [0x00000000eaf80000,0x00000000eaf80000,0x00000000ebf80000)
  from space 2560K, 61% used [0x00000000ebf80000,0x00000000ec108e18,0x00000000ec200000)
  to   space 2560K, 0% used [0x00000000ec200000,0x00000000ec200000,0x00000000ec480000)
 ParOldGen       total 44032K, used 8K [0x00000000c0e00000, 0x00000000c3900000, 0x00000000eaf80000)
  object space 44032K, 0% used [0x00000000c0e00000,0x00000000c0e02000,0x00000000c3900000)
 Metaspace       used 5721K, capacity 5847K, committed 5888K, reserved 1060864K
  class space    used 675K, capacity 762K, committed 768K, reserved 1048576K
}
Event: 8.153 GC heap before
{Heap before GC invocations=2 (full 1):
 PSYoungGen      total 18944K, used 1571K [0x00000000eaf80000, 0x00000000ec480000, 0x0000000100000000)
  eden space 16384K, 0% used [0x00000000eaf80000,0x00000000eaf80000,0x00000000ebf80000)
  from space 2560K, 61% used [0x00000000ebf80000,0x00000000ec108e18,0x00000000ec200000)
  to   space 2560K, 0% used [0x00000000ec200000,0x00000000ec200000,0x00000000ec480000)
 ParOldGen       total 44032K, used 8K [0x00000000c0e00000, 0x00000000c3900000, 0x00000000eaf80000)
  object space 44032K, 0% used [0x00000000c0e00000,0x00000000c0e02000,0x00000000c3900000)
 Metaspace       used 5721K, capacity 5847K, committed 5888K, reserved 1060864K
  class space    used 675K, capacity 762K, committed 768K, reserved 1048576K
Event: 8.175 GC heap after
Heap after GC invocations=2 (full 1):
 PSYoungGen      total 18944K, used 0K [0x00000000eaf80000, 0x00000000ec480000, 0x0000000100000000)
  eden space 16384K, 0% used [0x00000000eaf80000,0x00000000eaf80000,0x00000000ebf80000)
  from space 2560K, 0% used [0x00000000ebf80000,0x00000000ebf80000,0x00000000ec200000)
  to   space 2560K, 0% used [0x00000000ec200000,0x00000000ec200000,0x00000000ec480000)
 ParOldGen       total 17920K, used 1470K [0x00000000c0e00000, 0x00000000c1f80000, 0x00000000eaf80000)
  object space 17920K, 8% used [0x00000000c0e00000,0x00000000c0f6fb48,0x00000000c1f80000)
 Metaspace       used 5721K, capacity 5847K, committed 5888K, reserved 1058816K
  class space    used 675K, capacity 762K, committed 768K, reserved 1048576K
}
Event: 10.445 GC heap before
{Heap before GC invocations=3 (full 1):
 PSYoungGen      total 18944K, used 16384K [0x00000000eaf80000, 0x00000000ec480000, 0x0000000100000000)
  eden space 16384K, 100% used [0x00000000eaf80000,0x00000000ebf80000,0x00000000ebf80000)
  from space 2560K, 0% used [0x00000000ebf80000,0x00000000ebf80000,0x00000000ec200000)
  to   space 2560K, 0% used [0x00000000ec200000,0x00000000ec200000,0x00000000ec480000)
 ParOldGen       total 17920K, used 1470K [0x00000000c0e00000, 0x00000000c1f80000, 0x00000000eaf80000)
  object space 17920K, 8% used [0x00000000c0e00000,0x00000000c0f6fb48,0x00000000c1f80000)
 Metaspace       used 8646K, capacity 8943K, committed 9216K, reserved 1060864K
  class space    used 1072K, capacity 1166K, committed 1280K, reserved 1048576K
Event: 10.451 GC heap after
Heap after GC invocations=3 (full 1):
 PSYoungGen      total 18944K, used 1995K [0x00000000eaf80000, 0x00000000ec480000, 0x0000000100000000)
  eden space 16384K, 0% used [0x00000000eaf80000,0x00000000eaf80000,0x00000000ebf80000)
  from space 2560K, 77% used [0x00000000ec200000,0x00000000ec3f2d50,0x00000000ec480000)
  to   space 2560K, 0% used [0x00000000ebf80000,0x00000000ebf80000,0x00000000ec200000)
 ParOldGen       total 17920K, used 1478K [0x00000000c0e00000, 0x00000000c1f80000, 0x00000000eaf80000)
  object space 17920K, 8% used [0x00000000c0e00000,0x00000000c0f71b48,0x00000000c1f80000)
 Metaspace       used 8646K, capacity 8943K, committed 9216K, reserved 1060864K
  class space    used 1072K, capacity 1166K, committed 1280K, reserved 1048576K
}

